556  [background-preinit] INFO  o.h.validator.internal.util.Version
                – HV000001: Hibernate Validator 8.0.0.Final
590  [restartedMain] INFO  com.example.demo.DemoApplication
                – Starting DemoApplication using Java 17 with PID 13464 (D:\me\University\JavaPatterns\src\task19\demo\build\classes\java\main started by anton in D:\me\University\JavaPatterns\src\task19\demo)
591  [restartedMain] INFO  com.example.demo.DemoApplication
                – No active profile set, falling back to 1 default profile: "default"
626  [restartedMain] INFO  o.s.b.d.e.DevToolsPropertyDefaultsPostProcessor
                – Devtools property defaults active! Set 'spring.devtools.add-properties' to 'false' to disable
627  [restartedMain] INFO  o.s.b.d.e.DevToolsPropertyDefaultsPostProcessor
                – For additional web related logging consider setting the 'logging.level.web' property to 'DEBUG'
1400 [restartedMain] INFO  o.s.d.r.c.RepositoryConfigurationDelegate
                – Bootstrapping Spring Data JPA repositories in DEFAULT mode.
1443 [restartedMain] INFO  o.s.d.r.c.RepositoryConfigurationDelegate
                – Finished Spring Data repository scanning in 35 ms. Found 2 JPA repository interfaces.
2290 [restartedMain] INFO  o.s.b.w.e.tomcat.TomcatWebServer
                – Tomcat initialized with port(s): 8080 (http)
2298 [restartedMain] INFO  o.a.coyote.http11.Http11NioProtocol
                – Initializing ProtocolHandler ["http-nio-8080"]
2298 [restartedMain] INFO  o.a.catalina.core.StandardService
                – Starting service [Tomcat]
2299 [restartedMain] INFO  o.a.catalina.core.StandardEngine
                – Starting Servlet engine: [Apache Tomcat/10.1.8]
2351 [restartedMain] INFO  o.a.c.c.C.[Tomcat].[localhost].[/]
                – Initializing Spring embedded WebApplicationContext
2352 [restartedMain] INFO  o.s.b.w.s.c.ServletWebServerApplicationContext
                – Root WebApplicationContext: initialization completed in 1724 ms
2554 [restartedMain] INFO  com.zaxxer.hikari.HikariDataSource
                – HikariPool-1 - Starting...
2713 [restartedMain] INFO  com.zaxxer.hikari.pool.HikariPool
                – HikariPool-1 - Added connection org.postgresql.jdbc.PgConnection@3e0e4067
2714 [restartedMain] INFO  com.zaxxer.hikari.HikariDataSource
                – HikariPool-1 - Start completed.
2759 [restartedMain] INFO  o.h.jpa.internal.util.LogHelper
                – HHH000204: Processing PersistenceUnitInfo [name: default]
2810 [restartedMain] INFO  org.hibernate.Version
                – HHH000412: Hibernate ORM core version 6.1.7.Final
3103 [restartedMain] INFO  SQL dialect
                – HHH000400: Using dialect: org.hibernate.dialect.PostgreSQLDialect
3526 [restartedMain] INFO  o.h.tuple.entity.EntityMetamodel
                – HHH000157: Lazy property fetching available for: com.example.demo.entity.Doctor
3984 [restartedMain] INFO  o.h.e.t.j.p.i.JtaPlatformInitiator
                – HHH000490: Using JtaPlatform implementation: [org.hibernate.engine.transaction.jta.platform.internal.NoJtaPlatform]
4002 [restartedMain] INFO  o.s.o.j.LocalContainerEntityManagerFactoryBean
                – Initialized JPA EntityManagerFactory for persistence unit 'default'
4379 [restartedMain] WARN  o.s.b.a.o.j.JpaBaseConfiguration$JpaWebConfiguration
                – spring.jpa.open-in-view is enabled by default. Therefore, database queries may be performed during view rendering. Explicitly configure spring.jpa.open-in-view to disable this warning
4499 [restartedMain] INFO  o.s.b.a.w.s.WelcomePageHandlerMapping
                – Adding welcome page: class path resource [static/index.html]
4918 [restartedMain] INFO  o.s.b.d.a.OptionalLiveReloadServer
                – LiveReload server is running on port 35729
4922 [restartedMain] INFO  o.s.b.a.e.web.EndpointLinksResolver
                – Exposing 1 endpoint(s) beneath base path '/actuator'
4971 [restartedMain] INFO  o.a.coyote.http11.Http11NioProtocol
                – Starting ProtocolHandler ["http-nio-8080"]
4987 [restartedMain] INFO  o.s.b.w.e.tomcat.TomcatWebServer
                – Tomcat started on port(s): 8080 (http) with context path ''
5000 [restartedMain] INFO  com.example.demo.DemoApplication
                – Started DemoApplication in 4.71 seconds (process running for 6.771)
5153 [RMI TCP Connection(2)-172.22.144.1] INFO  o.a.c.c.C.[Tomcat].[localhost].[/]
                – Initializing Spring DispatcherServlet 'dispatcherServlet'
5154 [RMI TCP Connection(2)-172.22.144.1] INFO  o.s.web.servlet.DispatcherServlet
                – Initializing Servlet 'dispatcherServlet'
5156 [RMI TCP Connection(2)-172.22.144.1] INFO  o.s.web.servlet.DispatcherServlet
                – Completed initialization in 2 ms
105904 [SpringApplicationShutdownHook] INFO  o.s.o.j.LocalContainerEntityManagerFactoryBean
                – Closing JPA EntityManagerFactory for persistence unit 'default'
105907 [SpringApplicationShutdownHook] INFO  com.zaxxer.hikari.HikariDataSource
                – HikariPool-1 - Shutdown initiated...
105916 [SpringApplicationShutdownHook] INFO  com.zaxxer.hikari.HikariDataSource
                – HikariPool-1 - Shutdown completed.
745  [background-preinit] INFO  o.h.validator.internal.util.Version
                – HV000001: Hibernate Validator 8.0.0.Final
786  [restartedMain] INFO  com.example.demo.DemoApplication
                – Starting DemoApplication using Java 17 with PID 2532 (D:\me\University\JavaPatterns\src\task19\demo\build\classes\java\main started by anton in D:\me\University\JavaPatterns\src\task19\demo)
787  [restartedMain] INFO  com.example.demo.DemoApplication
                – No active profile set, falling back to 1 default profile: "default"
831  [restartedMain] INFO  o.s.b.d.e.DevToolsPropertyDefaultsPostProcessor
                – Devtools property defaults active! Set 'spring.devtools.add-properties' to 'false' to disable
831  [restartedMain] INFO  o.s.b.d.e.DevToolsPropertyDefaultsPostProcessor
                – For additional web related logging consider setting the 'logging.level.web' property to 'DEBUG'
1383 [restartedMain] INFO  o.s.d.r.c.RepositoryConfigurationDelegate
                – Bootstrapping Spring Data JPA repositories in DEFAULT mode.
1422 [restartedMain] INFO  o.s.d.r.c.RepositoryConfigurationDelegate
                – Finished Spring Data repository scanning in 33 ms. Found 2 JPA repository interfaces.
2186 [restartedMain] INFO  o.s.b.w.e.tomcat.TomcatWebServer
                – Tomcat initialized with port(s): 8080 (http)
2195 [restartedMain] INFO  o.a.coyote.http11.Http11NioProtocol
                – Initializing ProtocolHandler ["http-nio-8080"]
2195 [restartedMain] INFO  o.a.catalina.core.StandardService
                – Starting service [Tomcat]
2196 [restartedMain] INFO  o.a.catalina.core.StandardEngine
                – Starting Servlet engine: [Apache Tomcat/10.1.8]
2247 [restartedMain] INFO  o.a.c.c.C.[Tomcat].[localhost].[/]
                – Initializing Spring embedded WebApplicationContext
2247 [restartedMain] INFO  o.s.b.w.s.c.ServletWebServerApplicationContext
                – Root WebApplicationContext: initialization completed in 1415 ms
2447 [restartedMain] INFO  com.zaxxer.hikari.HikariDataSource
                – HikariPool-1 - Starting...
2595 [restartedMain] INFO  com.zaxxer.hikari.pool.HikariPool
                – HikariPool-1 - Added connection org.postgresql.jdbc.PgConnection@41a03914
2597 [restartedMain] INFO  com.zaxxer.hikari.HikariDataSource
                – HikariPool-1 - Start completed.
2636 [restartedMain] INFO  o.h.jpa.internal.util.LogHelper
                – HHH000204: Processing PersistenceUnitInfo [name: default]
2683 [restartedMain] INFO  org.hibernate.Version
                – HHH000412: Hibernate ORM core version 6.1.7.Final
2973 [restartedMain] INFO  SQL dialect
                – HHH000400: Using dialect: org.hibernate.dialect.PostgreSQLDialect
3403 [restartedMain] INFO  o.h.tuple.entity.EntityMetamodel
                – HHH000157: Lazy property fetching available for: com.example.demo.entity.Doctor
3722 [restartedMain] INFO  o.h.e.t.j.p.i.JtaPlatformInitiator
                – HHH000490: Using JtaPlatform implementation: [org.hibernate.engine.transaction.jta.platform.internal.NoJtaPlatform]
3730 [restartedMain] INFO  o.s.o.j.LocalContainerEntityManagerFactoryBean
                – Initialized JPA EntityManagerFactory for persistence unit 'default'
4073 [restartedMain] WARN  o.s.b.a.o.j.JpaBaseConfiguration$JpaWebConfiguration
                – spring.jpa.open-in-view is enabled by default. Therefore, database queries may be performed during view rendering. Explicitly configure spring.jpa.open-in-view to disable this warning
4194 [restartedMain] INFO  o.s.b.a.w.s.WelcomePageHandlerMapping
                – Adding welcome page: class path resource [static/index.html]
4524 [restartedMain] INFO  o.s.b.d.a.OptionalLiveReloadServer
                – LiveReload server is running on port 35729
4529 [restartedMain] INFO  o.s.b.a.e.web.EndpointLinksResolver
                – Exposing 1 endpoint(s) beneath base path '/actuator'
4581 [restartedMain] INFO  o.a.coyote.http11.Http11NioProtocol
                – Starting ProtocolHandler ["http-nio-8080"]
4597 [restartedMain] INFO  o.s.b.w.e.tomcat.TomcatWebServer
                – Tomcat started on port(s): 8080 (http) with context path ''
4612 [restartedMain] INFO  com.example.demo.DemoApplication
                – Started DemoApplication in 4.114 seconds (process running for 5.58)
4939 [RMI TCP Connection(3)-172.22.144.1] INFO  o.a.c.c.C.[Tomcat].[localhost].[/]
                – Initializing Spring DispatcherServlet 'dispatcherServlet'
4939 [RMI TCP Connection(3)-172.22.144.1] INFO  o.s.web.servlet.DispatcherServlet
                – Initializing Servlet 'dispatcherServlet'
4941 [RMI TCP Connection(3)-172.22.144.1] INFO  o.s.web.servlet.DispatcherServlet
                – Completed initialization in 1 ms
15362 [http-nio-8080-exec-2] INFO  c.e.demo.service.DoctorService
                – Get all doctors
30373 [http-nio-8080-exec-3] INFO  c.e.demo.service.DoctorService
                – Get doctors by lastname - Ivanov
33592 [http-nio-8080-exec-4] INFO  c.e.demo.service.PatientService
                – Get patients by firstname - Alex
71800 [http-nio-8080-exec-5] INFO  c.e.demo.service.PatientService
                – Save patient Patient{id=null, firstName='Alex', lastName='Vladimirov', doctor=null, doctorId=2}
122168 [SpringApplicationShutdownHook] INFO  o.s.o.j.LocalContainerEntityManagerFactoryBean
                – Closing JPA EntityManagerFactory for persistence unit 'default'
122171 [SpringApplicationShutdownHook] INFO  com.zaxxer.hikari.HikariDataSource
                – HikariPool-1 - Shutdown initiated...
122177 [SpringApplicationShutdownHook] INFO  com.zaxxer.hikari.HikariDataSource
                – HikariPool-1 - Shutdown completed.
1090 [background-preinit] INFO  o.h.validator.internal.util.Version
                – HV000001: Hibernate Validator 8.0.0.Final
1140 [restartedMain] INFO  com.example.demo.DemoApplication
                – Starting DemoApplication using Java 17 with PID 2064 (C:\Users\Anton\Desktop\University\JavaPatterns\src\task19\demo\build\classes\java\main started by Anton in C:\Users\Anton\Desktop\University\JavaPatterns\src\task19\demo)
1141 [restartedMain] INFO  com.example.demo.DemoApplication
                – No active profile set, falling back to 1 default profile: "default"
1198 [restartedMain] INFO  o.s.b.d.e.DevToolsPropertyDefaultsPostProcessor
                – Devtools property defaults active! Set 'spring.devtools.add-properties' to 'false' to disable
1198 [restartedMain] INFO  o.s.b.d.e.DevToolsPropertyDefaultsPostProcessor
                – For additional web related logging consider setting the 'logging.level.web' property to 'DEBUG'
2312 [restartedMain] INFO  o.s.d.r.c.RepositoryConfigurationDelegate
                – Bootstrapping Spring Data JPA repositories in DEFAULT mode.
2425 [restartedMain] INFO  o.s.d.r.c.RepositoryConfigurationDelegate
                – Finished Spring Data repository scanning in 97 ms. Found 2 JPA repository interfaces.
3569 [restartedMain] INFO  o.s.b.w.e.tomcat.TomcatWebServer
                – Tomcat initialized with port(s): 8080 (http)
3580 [restartedMain] INFO  o.a.coyote.http11.Http11NioProtocol
                – Initializing ProtocolHandler ["http-nio-8080"]
3581 [restartedMain] INFO  o.a.catalina.core.StandardService
                – Starting service [Tomcat]
3582 [restartedMain] INFO  o.a.catalina.core.StandardEngine
                – Starting Servlet engine: [Apache Tomcat/10.1.8]
3655 [restartedMain] INFO  o.a.c.c.C.[Tomcat].[localhost].[/]
                – Initializing Spring embedded WebApplicationContext
3655 [restartedMain] INFO  o.s.b.w.s.c.ServletWebServerApplicationContext
                – Root WebApplicationContext: initialization completed in 2456 ms
3889 [restartedMain] INFO  com.zaxxer.hikari.HikariDataSource
                – HikariPool-1 - Starting...
4033 [restartedMain] INFO  com.zaxxer.hikari.pool.HikariPool
                – HikariPool-1 - Added connection org.postgresql.jdbc.PgConnection@256c0692
4035 [restartedMain] INFO  com.zaxxer.hikari.HikariDataSource
                – HikariPool-1 - Start completed.
4068 [restartedMain] INFO  o.h.jpa.internal.util.LogHelper
                – HHH000204: Processing PersistenceUnitInfo [name: default]
4110 [restartedMain] INFO  org.hibernate.Version
                – HHH000412: Hibernate ORM core version 6.1.7.Final
4394 [restartedMain] INFO  SQL dialect
                – HHH000400: Using dialect: org.hibernate.dialect.PostgreSQLDialect
4855 [restartedMain] INFO  o.h.tuple.entity.EntityMetamodel
                – HHH000157: Lazy property fetching available for: com.example.demo.entity.Doctor
5237 [restartedMain] INFO  o.h.e.t.j.p.i.JtaPlatformInitiator
                – HHH000490: Using JtaPlatform implementation: [org.hibernate.engine.transaction.jta.platform.internal.NoJtaPlatform]
5246 [restartedMain] INFO  o.s.o.j.LocalContainerEntityManagerFactoryBean
                – Initialized JPA EntityManagerFactory for persistence unit 'default'
5658 [restartedMain] WARN  o.s.b.a.o.j.JpaBaseConfiguration$JpaWebConfiguration
                – spring.jpa.open-in-view is enabled by default. Therefore, database queries may be performed during view rendering. Explicitly configure spring.jpa.open-in-view to disable this warning
5802 [restartedMain] INFO  o.s.b.a.w.s.WelcomePageHandlerMapping
                – Adding welcome page: class path resource [static/index.html]
6158 [restartedMain] INFO  o.s.b.d.a.OptionalLiveReloadServer
                – LiveReload server is running on port 35729
6166 [restartedMain] INFO  o.s.b.a.e.web.EndpointLinksResolver
                – Exposing 1 endpoint(s) beneath base path '/actuator'
6226 [restartedMain] INFO  o.a.coyote.http11.Http11NioProtocol
                – Starting ProtocolHandler ["http-nio-8080"]
6252 [restartedMain] INFO  o.s.b.w.e.tomcat.TomcatWebServer
                – Tomcat started on port(s): 8080 (http) with context path ''
6269 [restartedMain] INFO  com.example.demo.DemoApplication
                – Started DemoApplication in 5.636 seconds (process running for 6.851)
23409 [http-nio-8080-exec-4] INFO  o.a.c.c.C.[Tomcat].[localhost].[/]
                – Initializing Spring DispatcherServlet 'dispatcherServlet'
23409 [http-nio-8080-exec-4] INFO  o.s.web.servlet.DispatcherServlet
                – Initializing Servlet 'dispatcherServlet'
23413 [http-nio-8080-exec-4] INFO  o.s.web.servlet.DispatcherServlet
                – Completed initialization in 3 ms
23464 [http-nio-8080-exec-4] INFO  c.e.demo.service.DoctorService
                – Get all doctors
47379 [SpringApplicationShutdownHook] INFO  o.s.o.j.LocalContainerEntityManagerFactoryBean
                – Closing JPA EntityManagerFactory for persistence unit 'default'
47384 [SpringApplicationShutdownHook] INFO  com.zaxxer.hikari.HikariDataSource
                – HikariPool-1 - Shutdown initiated...
47407 [SpringApplicationShutdownHook] INFO  com.zaxxer.hikari.HikariDataSource
                – HikariPool-1 - Shutdown completed.
790  [background-preinit] INFO  o.h.validator.internal.util.Version
                – HV000001: Hibernate Validator 8.0.0.Final
836  [restartedMain] INFO  com.example.demo.DemoApplication
                – Starting DemoApplication using Java 17 with PID 22024 (C:\Users\Anton\Desktop\University\JavaPatterns\src\task19\demo\build\classes\java\main started by Anton in C:\Users\Anton\Desktop\University\JavaPatterns\src\task19\demo)
838  [restartedMain] INFO  com.example.demo.DemoApplication
                – No active profile set, falling back to 1 default profile: "default"
905  [restartedMain] INFO  o.s.b.d.e.DevToolsPropertyDefaultsPostProcessor
                – Devtools property defaults active! Set 'spring.devtools.add-properties' to 'false' to disable
905  [restartedMain] INFO  o.s.b.d.e.DevToolsPropertyDefaultsPostProcessor
                – For additional web related logging consider setting the 'logging.level.web' property to 'DEBUG'
1770 [restartedMain] INFO  o.s.d.r.c.RepositoryConfigurationDelegate
                – Bootstrapping Spring Data JPA repositories in DEFAULT mode.
1852 [restartedMain] INFO  o.s.d.r.c.RepositoryConfigurationDelegate
                – Finished Spring Data repository scanning in 71 ms. Found 2 JPA repository interfaces.
2757 [restartedMain] INFO  o.s.b.w.e.tomcat.TomcatWebServer
                – Tomcat initialized with port(s): 8080 (http)
2766 [restartedMain] INFO  o.a.coyote.http11.Http11NioProtocol
                – Initializing ProtocolHandler ["http-nio-8080"]
2767 [restartedMain] INFO  o.a.catalina.core.StandardService
                – Starting service [Tomcat]
2767 [restartedMain] INFO  o.a.catalina.core.StandardEngine
                – Starting Servlet engine: [Apache Tomcat/10.1.8]
2835 [restartedMain] INFO  o.a.c.c.C.[Tomcat].[localhost].[/]
                – Initializing Spring embedded WebApplicationContext
2835 [restartedMain] INFO  o.s.b.w.s.c.ServletWebServerApplicationContext
                – Root WebApplicationContext: initialization completed in 1929 ms
3084 [restartedMain] INFO  com.zaxxer.hikari.HikariDataSource
                – HikariPool-1 - Starting...
3230 [restartedMain] INFO  com.zaxxer.hikari.pool.HikariPool
                – HikariPool-1 - Added connection org.postgresql.jdbc.PgConnection@1d93eca8
3232 [restartedMain] INFO  com.zaxxer.hikari.HikariDataSource
                – HikariPool-1 - Start completed.
3265 [restartedMain] INFO  o.h.jpa.internal.util.LogHelper
                – HHH000204: Processing PersistenceUnitInfo [name: default]
3310 [restartedMain] INFO  org.hibernate.Version
                – HHH000412: Hibernate ORM core version 6.1.7.Final
3596 [restartedMain] INFO  SQL dialect
                – HHH000400: Using dialect: org.hibernate.dialect.PostgreSQLDialect
4023 [restartedMain] INFO  o.h.tuple.entity.EntityMetamodel
                – HHH000157: Lazy property fetching available for: com.example.demo.entity.Doctor
4387 [restartedMain] INFO  o.h.e.t.j.p.i.JtaPlatformInitiator
                – HHH000490: Using JtaPlatform implementation: [org.hibernate.engine.transaction.jta.platform.internal.NoJtaPlatform]
4397 [restartedMain] INFO  o.s.o.j.LocalContainerEntityManagerFactoryBean
                – Initialized JPA EntityManagerFactory for persistence unit 'default'
4787 [restartedMain] WARN  o.s.b.a.o.j.JpaBaseConfiguration$JpaWebConfiguration
                – spring.jpa.open-in-view is enabled by default. Therefore, database queries may be performed during view rendering. Explicitly configure spring.jpa.open-in-view to disable this warning
4926 [restartedMain] INFO  o.s.b.a.w.s.WelcomePageHandlerMapping
                – Adding welcome page: class path resource [static/index.html]
5279 [restartedMain] INFO  o.s.b.d.a.OptionalLiveReloadServer
                – LiveReload server is running on port 35729
5287 [restartedMain] INFO  o.s.b.a.e.web.EndpointLinksResolver
                – Exposing 1 endpoint(s) beneath base path '/actuator'
5350 [restartedMain] INFO  o.a.coyote.http11.Http11NioProtocol
                – Starting ProtocolHandler ["http-nio-8080"]
5369 [restartedMain] INFO  o.s.b.w.e.tomcat.TomcatWebServer
                – Tomcat started on port(s): 8080 (http) with context path ''
5386 [restartedMain] INFO  com.example.demo.DemoApplication
                – Started DemoApplication in 4.974 seconds (process running for 5.902)
12790 [http-nio-8080-exec-2] INFO  o.a.c.c.C.[Tomcat].[localhost].[/]
                – Initializing Spring DispatcherServlet 'dispatcherServlet'
12790 [http-nio-8080-exec-2] INFO  o.s.web.servlet.DispatcherServlet
                – Initializing Servlet 'dispatcherServlet'
12791 [http-nio-8080-exec-2] INFO  o.s.web.servlet.DispatcherServlet
                – Completed initialization in 1 ms
12834 [http-nio-8080-exec-2] INFO  c.e.demo.service.DoctorService
                – Get doctor by id 1
28264 [SpringApplicationShutdownHook] INFO  o.s.o.j.LocalContainerEntityManagerFactoryBean
                – Closing JPA EntityManagerFactory for persistence unit 'default'
28268 [SpringApplicationShutdownHook] INFO  com.zaxxer.hikari.HikariDataSource
                – HikariPool-1 - Shutdown initiated...
28282 [SpringApplicationShutdownHook] INFO  com.zaxxer.hikari.HikariDataSource
                – HikariPool-1 - Shutdown completed.
